<?xml version="1.0" encoding="UTF-8"?>
<testsuite name="Create user service" tests="1" skipped="0" failures="0" errors="0" timestamp="2023-08-11T16:38:35" hostname="SQABOG-TGP4980" time="6.996">
  <properties/>
  <testcase name="Successful creation of a user in petStore" classname="Create user service" time="6.996"/>
  <system-out><![CDATA[]]></system-out>
  <system-err><![CDATA[[Test worker] INFO net.thucydides.core.steps.ConsoleLoggingListener - 
        __    _____ _____ ____ _____   ____   _    ____  ____  _____ ____  
  _     \ \  |_   _| ____/ ___|_   _| |  _ \ / \  / ___|/ ___|| ____|  _ \ 
 (_)_____| |   | | |  _| \___ \ | |   | |_) / _ \ \___ \\___ \|  _| | | | |
  _|_____| |   | | | |___ ___) || |   |  __/ ___ \ ___) |___) | |___| |_| |
 (_)     | |   |_| |_____|____/ |_|   |_| /_/   \_\____/|____/|_____|____/ 
        /_/                                                                

TEST PASSED: Successful creation of a user in petStore
----------------------------------------------------------------------------
]]></system-err>
</testsuite>
